#
# There is insufficient memory for the Java Runtime Environment to continue.
# Native memory allocation (malloc) failed to allocate 1023696 bytes for Chunk::new
# Possible reasons:
#   The system is out of physical RAM or swap space
#   In 32 bit mode, the process size limit was hit
# Possible solutions:
#   Reduce memory load on the system
#   Increase physical memory or swap space
#   Check if swap backing store is full
#   Use 64 bit Java on a 64 bit OS
#   Decrease Java heap size (-Xmx/-Xms)
#   Decrease number of Java threads
#   Decrease Java thread stack sizes (-Xss)
#   Set larger code cache with -XX:ReservedCodeCacheSize=
# This output file may be truncated or incomplete.
#
#  Out of Memory Error (allocation.cpp:390), pid=5544, tid=0x0000000000003f04
#
# JRE version: OpenJDK Runtime Environment (8.0_152-b01) (build 1.8.0_152-release-1343-b01)
# Java VM: OpenJDK 64-Bit Server VM (25.152-b01 mixed mode windows-amd64 compressed oops)
# Failed to write core dump. Minidumps are not enabled by default on client versions of Windows
#

---------------  T H R E A D  ---------------

Current thread (0x0000000016cdb800):  JavaThread "C2 CompilerThread0" daemon [_thread_in_native, id=16132, stack(0x0000000018320000,0x0000000018420000)]

Stack: [0x0000000018320000,0x0000000018420000]
[error occurred during error reporting (printing stack bounds), id 0xc0000005]

Native frames: (J=compiled Java code, j=interpreted, Vv=VM code, C=native code)


Current CompileTask:
C2:   4587 1332       4       java.net.URLClassLoader$1::run (5 bytes)


---------------  P R O C E S S  ---------------

Java Threads: ( => current thread )
  0x0000000019ed8800 JavaThread "Cache worker for journal cache (C:\Users\eugen\.gradle\caches\journal-1)" [_thread_blocked, id=15144, stack(0x000000001b970000,0x000000001ba70000)]
  0x0000000019eda800 JavaThread "File lock request listener" [_thread_in_native, id=8780, stack(0x000000001b670000,0x000000001b770000)]
  0x0000000019eeb000 JavaThread "Cache worker for file hash cache (C:\Users\eugen\.gradle\caches\5.1.1\fileHashes)" [_thread_blocked, id=13920, stack(0x000000001b570000,0x000000001b670000)]
  0x0000000019e38800 JavaThread "Thread-8" [_thread_blocked, id=4852, stack(0x000000001b470000,0x000000001b570000)]
  0x0000000019e55000 JavaThread "Stdin handler" [_thread_blocked, id=8776, stack(0x000000001b370000,0x000000001b470000)]
  0x0000000019e54800 JavaThread "Asynchronous log dispatcher for DefaultDaemonConnection: socket connection from /127.0.0.1:52576 to /127.0.0.1:52577" [_thread_blocked, id=1276, stack(0x000000001b270000,0x000000001b370000)]
  0x0000000019962000 JavaThread "Daemon worker" [_thread_in_vm, id=16188, stack(0x000000001af70000,0x000000001b070000)]
  0x0000000019e01800 JavaThread "Cancel handler" [_thread_blocked, id=15828, stack(0x000000001ae70000,0x000000001af70000)]
  0x0000000019d66800 JavaThread "Handler for socket connection from /127.0.0.1:52576 to /127.0.0.1:52577" [_thread_in_native, id=8740, stack(0x000000001ad70000,0x000000001ae70000)]
  0x0000000019d68000 JavaThread "Daemon" [_thread_blocked, id=16060, stack(0x000000001ac70000,0x000000001ad70000)]
  0x0000000019d56800 JavaThread "Daemon periodic checks" [_thread_blocked, id=4356, stack(0x000000001ab70000,0x000000001ac70000)]
  0x0000000019cd6000 JavaThread "Incoming local TCP Connector on port 52576" [_thread_in_native, id=10748, stack(0x000000001a930000,0x000000001aa30000)]
  0x0000000018650800 JavaThread "Service Thread" daemon [_thread_blocked, id=11192, stack(0x0000000018a20000,0x0000000018b20000)]
  0x0000000016ced000 JavaThread "C1 CompilerThread2" daemon [_thread_blocked, id=6308, stack(0x0000000018520000,0x0000000018620000)]
  0x0000000016cdf800 JavaThread "C2 CompilerThread1" daemon [_thread_blocked, id=9592, stack(0x0000000018420000,0x0000000018520000)]
=>0x0000000016cdb800 JavaThread "C2 CompilerThread0" daemon [_thread_in_native, id=16132, stack(0x0000000018320000,0x0000000018420000)]
  0x0000000016cda800 JavaThread "Attach Listener" daemon [_thread_blocked, id=7888, stack(0x0000000018220000,0x0000000018320000)]
  0x0000000016cd9000 JavaThread "Signal Dispatcher" daemon [_thread_blocked, id=14292, stack(0x0000000018120000,0x0000000018220000)]
  0x0000000016cc9800 JavaThread "Finalizer" daemon [_thread_blocked, id=6088, stack(0x0000000017f30000,0x0000000018030000)]
  0x0000000003362800 JavaThread "Reference Handler" daemon [_thread_blocked, id=6516, stack(0x0000000017e30000,0x0000000017f30000)]
  0x000000000179d800 JavaThread "main" [_thread_blocked, id=11672, stack(0x0000000003080000,0x0000000003180000)]

Other Threads:
  0x0000000016ca6000 VMThread [stack: 0x0000000017d30000,0x0000000017e30000] [id=4988]
  0x0000000016d3e000 WatcherThread [stack: 0x0000000018b20000,0x0000000018c20000] [id=116]

VM state:not at safepoint (normal execution)

VM Mutex/Monitor currently owned by a thread: None

Heap:
 PSYoungGen      total 18944K, used 3658K [0x00000000e0000000, 0x00000000e1500000, 0x0000000100000000)
  eden space 16384K, 10% used [0x00000000e0000000,0x00000000e01b2da8,0x00000000e1000000)
  from space 2560K, 74% used [0x00000000e1000000,0x00000000e11dfc58,0x00000000e1280000)
  to   space 2560K, 0% used [0x00000000e1280000,0x00000000e1280000,0x00000000e1500000)
 ParOldGen       total 31744K, used 5152K [0x00000000a0000000, 0x00000000a1f00000, 0x00000000e0000000)
  object space 31744K, 16% used [0x00000000a0000000,0x00000000a0508358,0x00000000a1f00000)
 Metaspace       used 14456K, capacity 14758K, committed 15104K, reserved 1062912K
  class space    used 2044K, capacity 2181K, committed 2304K, reserved 1048576K

Card table byte_map: [0x0000000012730000,0x0000000012a40000] byte_map_base: 0x0000000012230000

Marking Bits: (ParMarkBitMap*) 0x00000000778d5aa0
 Begin Bits: [0x0000000013040000, 0x0000000014840000)
 End Bits:   [0x0000000014840000, 0x0000000016040000)

Polling page: 0x0000000001780000

CodeCache: size=245760Kb used=4841Kb max_used=4855Kb free=240918Kb
 bounds [0x0000000003370000, 0x0000000003840000, 0x0000000012370000]
 total_blobs=1729 nmethods=1352 adapters=291
 compilation: enabled

Compilation events (10 events):
Event: 4.542 Thread 0x0000000016ced000 1349       3       org.gradle.internal.service.DefaultServiceRegistry$OwnServices$ProviderAnalyser::addProviderForClassHierarchy (16 bytes)
Event: 4.542 Thread 0x0000000016ced000 nmethod 1349 0x0000000003828450 code [0x00000000038285c0, 0x0000000003828818]
Event: 4.543 Thread 0x0000000016cdf800 1350       4       java.util.jar.Attributes$Name::hashCode (24 bytes)
Event: 4.550 Thread 0x0000000016cdf800 nmethod 1350 0x0000000003827e90 code [0x0000000003827fe0, 0x00000000038282b8]
Event: 4.571 Thread 0x0000000016cdf800 1351       4       java.lang.ref.ReferenceQueue::reallyPoll (66 bytes)
Event: 4.572 Thread 0x0000000016ced000 1353       1       org.gradle.internal.service.AbstractServiceMethod::getParameterTypes (5 bytes)
Event: 4.572 Thread 0x0000000016ced000 nmethod 1353 0x000000000382df10 code [0x000000000382e060, 0x000000000382e170]
Event: 4.573 Thread 0x0000000016cdf800 nmethod 1351 0x000000000382c750 code [0x000000000382c880, 0x000000000382c9b8]
Event: 4.573 Thread 0x0000000016cdf800 1352   !   4       java.lang.ref.Reference::tryHandlePending (115 bytes)
Event: 4.581 Thread 0x0000000016cdf800 nmethod 1352 0x000000000382b850 code [0x000000000382ba00, 0x000000000382c348]

GC Heap History (10 events):
Event: 2.381 GC heap before
{Heap before GC invocations=4 (full 0):
 PSYoungGen      total 18944K, used 18921K [0x00000000e0000000, 0x00000000e1500000, 0x0000000100000000)
  eden space 16384K, 100% used [0x00000000e0000000,0x00000000e1000000,0x00000000e1000000)
  from space 2560K, 99% used [0x00000000e1000000,0x00000000e127a450,0x00000000e1280000)
  to   space 2560K, 0% used [0x00000000e1280000,0x00000000e1280000,0x00000000e1500000)
 ParOldGen       total 44032K, used 672K [0x00000000a0000000, 0x00000000a2b00000, 0x00000000e0000000)
  object space 44032K, 1% used [0x00000000a0000000,0x00000000a00a80b8,0x00000000a2b00000)
 Metaspace       used 8860K, capacity 9108K, committed 9216K, reserved 1056768K
  class space    used 1153K, capacity 1226K, committed 1280K, reserved 1048576K
Event: 2.386 GC heap after
Heap after GC invocations=4 (full 0):
 PSYoungGen      total 18944K, used 2544K [0x00000000e0000000, 0x00000000e1500000, 0x0000000100000000)
  eden space 16384K, 0% used [0x00000000e0000000,0x00000000e0000000,0x00000000e1000000)
  from space 2560K, 99% used [0x00000000e1280000,0x00000000e14fc010,0x00000000e1500000)
  to   space 2560K, 0% used [0x00000000e1000000,0x00000000e1000000,0x00000000e1280000)
 ParOldGen       total 44032K, used 2006K [0x00000000a0000000, 0x00000000a2b00000, 0x00000000e0000000)
  object space 44032K, 4% used [0x00000000a0000000,0x00000000a01f5978,0x00000000a2b00000)
 Metaspace       used 8860K, capacity 9108K, committed 9216K, reserved 1056768K
  class space    used 1153K, capacity 1226K, committed 1280K, reserved 1048576K
}
Event: 3.994 GC heap before
{Heap before GC invocations=5 (full 0):
 PSYoungGen      total 18944K, used 18928K [0x00000000e0000000, 0x00000000e1500000, 0x0000000100000000)
  eden space 16384K, 100% used [0x00000000e0000000,0x00000000e1000000,0x00000000e1000000)
  from space 2560K, 99% used [0x00000000e1280000,0x00000000e14fc010,0x00000000e1500000)
  to   space 2560K, 0% used [0x00000000e1000000,0x00000000e1000000,0x00000000e1280000)
 ParOldGen       total 44032K, used 2006K [0x00000000a0000000, 0x00000000a2b00000, 0x00000000e0000000)
  object space 44032K, 4% used [0x00000000a0000000,0x00000000a01f5978,0x00000000a2b00000)
 Metaspace       used 12135K, capacity 12476K, committed 12544K, reserved 1060864K
  class space    used 1640K, capacity 1760K, committed 1792K, reserved 1048576K
Event: 4.002 GC heap after
Heap after GC invocations=5 (full 0):
 PSYoungGen      total 18944K, used 2528K [0x00000000e0000000, 0x00000000e1500000, 0x0000000100000000)
  eden space 16384K, 0% used [0x00000000e0000000,0x00000000e0000000,0x00000000e1000000)
  from space 2560K, 98% used [0x00000000e1000000,0x00000000e1278020,0x00000000e1280000)
  to   space 2560K, 0% used [0x00000000e1280000,0x00000000e1280000,0x00000000e1500000)
 ParOldGen       total 44032K, used 4409K [0x00000000a0000000, 0x00000000a2b00000, 0x00000000e0000000)
  object space 44032K, 10% used [0x00000000a0000000,0x00000000a044e588,0x00000000a2b00000)
 Metaspace       used 12135K, capacity 12476K, committed 12544K, reserved 1060864K
  class space    used 1640K, capacity 1760K, committed 1792K, reserved 1048576K
}
Event: 4.233 GC heap before
{Heap before GC invocations=6 (full 0):
 PSYoungGen      total 18944K, used 16857K [0x00000000e0000000, 0x00000000e1500000, 0x0000000100000000)
  eden space 16384K, 87% used [0x00000000e0000000,0x00000000e0dfe790,0x00000000e1000000)
  from space 2560K, 98% used [0x00000000e1000000,0x00000000e1278020,0x00000000e1280000)
  to   space 2560K, 0% used [0x00000000e1280000,0x00000000e1280000,0x00000000e1500000)
 ParOldGen       total 44032K, used 4409K [0x00000000a0000000, 0x00000000a2b00000, 0x00000000e0000000)
  object space 44032K, 10% used [0x00000000a0000000,0x00000000a044e588,0x00000000a2b00000)
 Metaspace       used 13163K, capacity 13444K, committed 13568K, reserved 1064960K
  class space    used 1814K, capacity 1956K, committed 2048K, reserved 1048576K
Event: 4.238 GC heap after
Heap after GC invocations=6 (full 0):
 PSYoungGen      total 18944K, used 2544K [0x00000000e0000000, 0x00000000e1500000, 0x0000000100000000)
  eden space 16384K, 0% used [0x00000000e0000000,0x00000000e0000000,0x00000000e1000000)
  from space 2560K, 99% used [0x00000000e1280000,0x00000000e14fc010,0x00000000e1500000)
  to   space 2560K, 0% used [0x00000000e1000000,0x00000000e1000000,0x00000000e1280000)
 ParOldGen       total 44032K, used 5741K [0x00000000a0000000, 0x00000000a2b00000, 0x00000000e0000000)
  object space 44032K, 13% used [0x00000000a0000000,0x00000000a059b7f8,0x00000000a2b00000)
 Metaspace       used 13163K, capacity 13444K, committed 13568K, reserved 1064960K
  class space    used 1814K, capacity 1956K, committed 2048K, reserved 1048576K
}
Event: 4.238 GC heap before
{Heap before GC invocations=7 (full 1):
 PSYoungGen      total 18944K, used 2544K [0x00000000e0000000, 0x00000000e1500000, 0x0000000100000000)
  eden space 16384K, 0% used [0x00000000e0000000,0x00000000e0000000,0x00000000e1000000)
  from space 2560K, 99% used [0x00000000e1280000,0x00000000e14fc010,0x00000000e1500000)
  to   space 2560K, 0% used [0x00000000e1000000,0x00000000e1000000,0x00000000e1280000)
 ParOldGen       total 44032K, used 5741K [0x00000000a0000000, 0x00000000a2b00000, 0x00000000e0000000)
  object space 44032K, 13% used [0x00000000a0000000,0x00000000a059b7f8,0x00000000a2b00000)
 Metaspace       used 13163K, capacity 13444K, committed 13568K, reserved 1064960K
  class space    used 1814K, capacity 1956K, committed 2048K, reserved 1048576K
Event: 4.282 GC heap after
Heap after GC invocations=7 (full 1):
 PSYoungGen      total 18944K, used 0K [0x00000000e0000000, 0x00000000e1500000, 0x0000000100000000)
  eden space 16384K, 0% used [0x00000000e0000000,0x00000000e0000000,0x00000000e1000000)
  from space 2560K, 0% used [0x00000000e1280000,0x00000000e1280000,0x00000000e1500000)
  to   space 2560K, 0% used [0x00000000e1000000,0x00000000e1000000,0x00000000e1280000)
 ParOldGen       total 31744K, used 5144K [0x00000000a0000000, 0x00000000a1f00000, 0x00000000e0000000)
  object space 31744K, 16% used [0x00000000a0000000,0x00000000a0506358,0x00000000a1f00000)
 Metaspace       used 13163K, capacity 13444K, committed 13568K, reserved 1062912K
  class space    used 1814K, capacity 1956K, committed 2048K, reserved 1048576K
}
Event: 4.564 GC heap before
{Heap before GC invocations=8 (full 1):
 PSYoungGen      total 18944K, used 16384K [0x00000000e0000000, 0x00000000e1500000, 0x0000000100000000)
  eden space 16384K, 100% used [0x00000000e0000000,0x00000000e1000000,0x00000000e1000000)
  from space 2560K, 0% used [0x00000000e1280000,0x00000000e1280000,0x00000000e1500000)
  to   space 2560K, 0% used [0x00000000e1000000,0x00000000e1000000,0x00000000e1280000)
 ParOldGen       total 31744K, used 5144K [0x00000000a0000000, 0x00000000a1f00000, 0x00000000e0000000)
  object space 31744K, 16% used [0x00000000a0000000,0x00000000a0506358,0x00000000a1f00000)
 Metaspace       used 14419K, capacity 14726K, committed 14976K, reserved 1062912K
  class space    used 2033K, capacity 2149K, committed 2176K, reserved 1048576K
Event: 4.568 GC heap after
Heap after GC invocations=8 (full 1):
 PSYoungGen      total 18944K, used 1919K [0x00000000e0000000, 0x00000000e1500000, 0x0000000100000000)
  eden space 16384K, 0% used [0x00000000e0000000,0x00000000e0000000,0x00000000e1000000)
  from space 2560K, 74% used [0x00000000e1000000,0x00000000e11dfc58,0x00000000e1280000)
  to   space 2560K, 0% used [0x00000000e1280000,0x00000000e1280000,0x00000000e1500000)
 ParOldGen       total 31744K, used 5152K [0x00000000a0000000, 0x00000000a1f00000, 0x00000000e0000000)
  object space 31744K, 16% used [0x00000000a0000000,0x00000000a0508358,0x00000000a1f00000)
 Metaspace       used 14419K, capacity 14726K, committed 14976K, reserved 1062912K
  class space    used 2033K, capacity 2149K, committed 2176K, reserved 1048576K
}

Deoptimization events (10 events):
Event: 3.771 Thread 0x0000000019d66800 Uncommon trap: reason=unstable_if action=reinterpret pc=0x00000000037283f0 method=java.util.concurrent.ConcurrentHashMap.putVal(Ljava/lang/Object;Ljava/lang/Object;Z)Ljava/lang/Object; @ 206
Event: 3.863 Thread 0x0000000019962000 Uncommon trap: reason=bimorphic action=maybe_recompile pc=0x0000000003603e24 method=java.util.HashMap.putVal(ILjava/lang/Object;Ljava/lang/Object;ZZ)Ljava/lang/Object; @ 253
Event: 3.864 Thread 0x0000000019962000 Uncommon trap: reason=bimorphic action=maybe_recompile pc=0x0000000003603e24 method=java.util.HashMap.putVal(ILjava/lang/Object;Ljava/lang/Object;ZZ)Ljava/lang/Object; @ 253
Event: 3.864 Thread 0x0000000019962000 Uncommon trap: reason=bimorphic action=maybe_recompile pc=0x0000000003603e24 method=java.util.HashMap.putVal(ILjava/lang/Object;Ljava/lang/Object;ZZ)Ljava/lang/Object; @ 253
Event: 3.864 Thread 0x0000000019962000 Uncommon trap: reason=bimorphic action=maybe_recompile pc=0x0000000003603e24 method=java.util.HashMap.putVal(ILjava/lang/Object;Ljava/lang/Object;ZZ)Ljava/lang/Object; @ 253
Event: 3.864 Thread 0x0000000019962000 Uncommon trap: reason=bimorphic action=maybe_recompile pc=0x00000000035fa570 method=java.util.HashMap.putVal(ILjava/lang/Object;Ljava/lang/Object;ZZ)Ljava/lang/Object; @ 253
Event: 4.212 Thread 0x0000000019962000 Uncommon trap: reason=class_check action=maybe_recompile pc=0x000000000363a6d8 method=java.util.regex.Matcher.match(II)Z @ 86
Event: 4.286 Thread 0x0000000019962000 Uncommon trap: reason=class_check action=maybe_recompile pc=0x000000000363a6d8 method=java.util.regex.Matcher.match(II)Z @ 86
Event: 4.286 Thread 0x0000000019962000 Uncommon trap: reason=class_check action=maybe_recompile pc=0x000000000363a6d8 method=java.util.regex.Matcher.match(II)Z @ 86
Event: 4.287 Thread 0x0000000019962000 Uncommon trap: reason=class_check action=maybe_recompile pc=0x00000000035f841c method=java.util.regex.Matcher.match(II)Z @ 86

Classes redefined (0 events):
No events

Internal exceptions (10 events):
Event: 2.355 Thread 0x000000000179d800 Exception <a 'java/lang/NoSuchFieldError': method resolution failed> (0x00000000e0f76f40) thrown at [D:\src\AOSP-openjdk-cygwin\jdk8u\hotspot\src\share\vm\prims\methodHandles.cpp, line 1167]
Event: 2.361 Thread 0x000000000179d800 Exception <a 'java/lang/NoSuchFieldError': method resolution failed> (0x00000000e0f84cc0) thrown at [D:\src\AOSP-openjdk-cygwin\jdk8u\hotspot\src\share\vm\prims\methodHandles.cpp, line 1167]
Event: 3.652 Thread 0x000000000179d800 Exception <a 'java/io/IOException'> (0x00000000e06bb938) thrown at [D:\src\AOSP-openjdk-cygwin\jdk8u\hotspot\src\share\vm\prims\jni.cpp, line 709]
Event: 3.773 Thread 0x0000000019d66800 Exception <a 'java/lang/NoSuchMethodError': <clinit>> (0x00000000e0848e28) thrown at [D:\src\AOSP-openjdk-cygwin\jdk8u\hotspot\src\share\vm\prims\jni.cpp, line 1613]
Event: 3.775 Thread 0x0000000019d66800 Exception <a 'java/lang/NoSuchMethodError': <clinit>> (0x00000000e0852a58) thrown at [D:\src\AOSP-openjdk-cygwin\jdk8u\hotspot\src\share\vm\prims\jni.cpp, line 1613]
Event: 3.778 Thread 0x0000000019d66800 Exception <a 'java/lang/NoSuchMethodError': <clinit>> (0x00000000e0866a68) thrown at [D:\src\AOSP-openjdk-cygwin\jdk8u\hotspot\src\share\vm\prims\jni.cpp, line 1613]
Event: 3.794 Thread 0x0000000019d66800 Exception <a 'java/lang/NoSuchMethodError': <clinit>> (0x00000000e08c1c58) thrown at [D:\src\AOSP-openjdk-cygwin\jdk8u\hotspot\src\share\vm\prims\jni.cpp, line 1613]
Event: 3.803 Thread 0x0000000019d66800 Exception <a 'java/lang/NoSuchMethodError': <clinit>> (0x00000000e08f8dc8) thrown at [D:\src\AOSP-openjdk-cygwin\jdk8u\hotspot\src\share\vm\prims\jni.cpp, line 1613]
Event: 3.813 Thread 0x0000000019d66800 Exception <a 'java/lang/NoSuchMethodError': <clinit>> (0x00000000e092e510) thrown at [D:\src\AOSP-openjdk-cygwin\jdk8u\hotspot\src\share\vm\prims\jni.cpp, line 1613]
Event: 3.815 Thread 0x0000000019d66800 Exception <a 'java/lang/NoSuchMethodError': <clinit>> (0x00000000e09398b0) thrown at [D:\src\AOSP-openjdk-cygwin\jdk8u\hotspot\src\share\vm\prims\jni.cpp, line 1613]

Events (10 events):
Event: 4.580 loading class org/gradle/language/base/artifact/SourcesArtifact
Event: 4.580 loading class org/gradle/language/base/artifact/SourcesArtifact done
Event: 4.580 loading class org/gradle/language/cpp/internal/NativeDependencyCache
Event: 4.580 loading class org/gradle/language/cpp/internal/NativeDependencyCache done
Event: 4.582 loading class org/gradle/api/publish/maven/internal/MavenPublishServices$ComponentRegistrationAction
Event: 4.582 loading class org/gradle/api/publish/maven/internal/MavenPublishServices$ComponentRegistrationAction done
Event: 4.582 loading class org/gradle/api/publication/maven/internal/MavenFactory
Event: 4.582 loading class org/gradle/api/publication/maven/internal/MavenFactory done
Event: 4.583 loading class org/gradle/api/publication/maven/internal/VersionRangeMapper
Event: 4.583 loading class org/gradle/api/publication/maven/internal/VersionRangeMapper done


Dynamic libraries:
0x00007ff752cf0000 - 0x00007ff752d21000 	C:\Program Files\Android\Android Studio\jre\bin\java.exe
0x00007ffc5bfb0000 - 0x00007ffc5c191000 	C:\WINDOWS\SYSTEM32\ntdll.dll
0x00007ffc598e0000 - 0x00007ffc59991000 	C:\WINDOWS\System32\KERNEL32.DLL
0x00007ffc58a90000 - 0x00007ffc58d03000 	C:\WINDOWS\System32\KERNELBASE.dll
0x00007ffc5bd20000 - 0x00007ffc5bdc1000 	C:\WINDOWS\System32\ADVAPI32.dll
0x00007ffc59770000 - 0x00007ffc5980e000 	C:\WINDOWS\System32\msvcrt.dll
0x00007ffc5b530000 - 0x00007ffc5b58b000 	C:\WINDOWS\System32\sechost.dll
0x00007ffc5b400000 - 0x00007ffc5b524000 	C:\WINDOWS\System32\RPCRT4.dll
0x00007ffc5b030000 - 0x00007ffc5b1c0000 	C:\WINDOWS\System32\USER32.dll
0x00007ffc58e60000 - 0x00007ffc58e80000 	C:\WINDOWS\System32\win32u.dll
0x00007ffc5b9e0000 - 0x00007ffc5ba08000 	C:\WINDOWS\System32\GDI32.dll
0x00007ffc591f0000 - 0x00007ffc59381000 	C:\WINDOWS\System32\gdi32full.dll
0x00007ffc58dc0000 - 0x00007ffc58e5f000 	C:\WINDOWS\System32\msvcp_win.dll
0x00007ffc58f00000 - 0x00007ffc58ff8000 	C:\WINDOWS\System32\ucrtbase.dll
0x00007ffc4b560000 - 0x00007ffc4b7c9000 	C:\WINDOWS\WinSxS\amd64_microsoft.windows.common-controls_6595b64144ccf1df_6.0.17134.885_none_fb42a3473065565f\COMCTL32.dll
0x00007ffc59440000 - 0x00007ffc59762000 	C:\WINDOWS\System32\combase.dll
0x00007ffc58e80000 - 0x00007ffc58ef9000 	C:\WINDOWS\System32\bcryptPrimitives.dll
0x00007ffc5bf50000 - 0x00007ffc5bf7d000 	C:\WINDOWS\System32\IMM32.DLL
0x0000000077c30000 - 0x0000000077d02000 	C:\Program Files\Android\Android Studio\jre\jre\bin\msvcr100.dll
0x0000000077110000 - 0x0000000077951000 	C:\Program Files\Android\Android Studio\jre\jre\bin\server\jvm.dll
0x00007ffc5bbc0000 - 0x00007ffc5bbc8000 	C:\WINDOWS\System32\PSAPI.DLL
0x00007ffc498c0000 - 0x00007ffc498ca000 	C:\WINDOWS\SYSTEM32\VERSION.dll
0x00007ffc54dc0000 - 0x00007ffc54de3000 	C:\WINDOWS\SYSTEM32\WINMM.dll
0x00007ffc56f10000 - 0x00007ffc56f19000 	C:\WINDOWS\SYSTEM32\WSOCK32.dll
0x00007ffc5afc0000 - 0x00007ffc5b02c000 	C:\WINDOWS\System32\WS2_32.dll
0x00007ffc54d90000 - 0x00007ffc54dba000 	C:\WINDOWS\SYSTEM32\WINMMBASE.dll
0x00007ffc593f0000 - 0x00007ffc59439000 	C:\WINDOWS\System32\cfgmgr32.dll
0x00007ffc54190000 - 0x00007ffc5419f000 	C:\Program Files\Android\Android Studio\jre\jre\bin\verify.dll
0x00007ffc3a9f0000 - 0x00007ffc3aa19000 	C:\Program Files\Android\Android Studio\jre\jre\bin\java.dll
0x00007ffc3be10000 - 0x00007ffc3be26000 	C:\Program Files\Android\Android Studio\jre\jre\bin\zip.dll
0x00007ffc59b80000 - 0x00007ffc5afc0000 	C:\WINDOWS\System32\SHELL32.dll
0x00007ffc5bdd0000 - 0x00007ffc5be79000 	C:\WINDOWS\System32\shcore.dll
0x00007ffc58380000 - 0x00007ffc58a8d000 	C:\WINDOWS\System32\windows.storage.dll
0x00007ffc59810000 - 0x00007ffc59861000 	C:\WINDOWS\System32\shlwapi.dll
0x00007ffc582c0000 - 0x00007ffc582d1000 	C:\WINDOWS\System32\kernel.appcore.dll
0x00007ffc582f0000 - 0x00007ffc5830f000 	C:\WINDOWS\System32\profapi.dll
0x00007ffc58310000 - 0x00007ffc5835c000 	C:\WINDOWS\System32\powrprof.dll
0x00007ffc582e0000 - 0x00007ffc582ea000 	C:\WINDOWS\System32\FLTLIB.DLL
0x00007ffc3a8c0000 - 0x00007ffc3a8da000 	C:\Program Files\Android\Android Studio\jre\jre\bin\net.dll
0x00007ffc57ae0000 - 0x00007ffc57b46000 	C:\WINDOWS\system32\mswsock.dll
0x00007ffc3a690000 - 0x00007ffc3a6a1000 	C:\Program Files\Android\Android Studio\jre\jre\bin\nio.dll
0x00007ffc546e0000 - 0x00007ffc546fe000 	C:\Users\eugen\.gradle\native\25\windows-amd64\native-platform.dll
0x00007ffc4f3b0000 - 0x00007ffc4f3bd000 	C:\Program Files\Android\Android Studio\jre\jre\bin\management.dll
0x00007ffc57c90000 - 0x00007ffc57ca7000 	C:\WINDOWS\SYSTEM32\CRYPTSP.dll
0x00007ffc576d0000 - 0x00007ffc57703000 	C:\WINDOWS\system32\rsaenh.dll
0x00007ffc57dc0000 - 0x00007ffc57de5000 	C:\WINDOWS\SYSTEM32\bcrypt.dll
0x00007ffc581c0000 - 0x00007ffc581e8000 	C:\WINDOWS\SYSTEM32\USERENV.dll
0x00007ffc57cb0000 - 0x00007ffc57cbb000 	C:\WINDOWS\SYSTEM32\CRYPTBASE.dll
0x00007ffc57870000 - 0x00007ffc578a8000 	C:\WINDOWS\SYSTEM32\IPHLPAPI.DLL
0x00007ffc59870000 - 0x00007ffc59878000 	C:\WINDOWS\System32\NSI.dll
0x00007ffc4f730000 - 0x00007ffc4f746000 	C:\WINDOWS\SYSTEM32\dhcpcsvc6.DLL
0x00007ffc4f770000 - 0x00007ffc4f78a000 	C:\WINDOWS\SYSTEM32\dhcpcsvc.DLL

VM Arguments:
jvm_args: -Xmx1536m -Dfile.encoding=windows-1252 -Duser.country=US -Duser.language=en -Duser.variant 
java_command: org.gradle.launcher.daemon.bootstrap.GradleDaemon 5.1.1
java_class_path (initial): C:\Users\eugen\.gradle\wrapper\dists\gradle-5.1.1-all\97z1ksx6lirer3kbvdnh7jtjg\gradle-5.1.1\lib\gradle-launcher-5.1.1.jar
Launcher Type: SUN_STANDARD

Environment Variables:
PATH=C:\WINDOWS\system32;C:\WINDOWS;C:\WINDOWS\System32\Wbem;C:\WINDOWS\System32\WindowsPowerShell\v1.0\;C:\Program Files (x86)\Brackets\command;C:\WINDOWS\System32\OpenSSH\;C:\xampp\php;C:\ProgramData\ComposerSetup\bin;C:\Program Files\Git\cmd;C:\Program Files\Microsoft VS Code\bin;C:\Program Files\nodejs\;C:\Users\eugen\AppData\Local\Microsoft\WindowsApps;C:\Users\eugen\AppData\Local\atom\bin;C:\Users\eugen\AppData\Local\Microsoft\WindowsApps;C:\Users\eugen\AppData\Roaming\Composer\vendor\bin;C:\Program Files\Heroku\bin;C:\Program Files\Microsoft VS Code\bin;C:\Users\eugen\AppData\Roaming\npm;C:\Program Files\JetBrains\IntelliJ IDEA 2018.3.2\bin;
USERNAME=eugen
OS=Windows_NT
PROCESSOR_IDENTIFIER=Intel64 Family 6 Model 78 Stepping 3, GenuineIntel



---------------  S Y S T E M  ---------------

OS: Windows 10.0 , 64 bit Build 17134 (10.0.17134.753)

CPU:total 4 (initial active 4) (2 cores per cpu, 2 threads per core) family 6 model 78 stepping 3, cmov, cx8, fxsr, mmx, sse, sse2, sse3, ssse3, sse4.1, sse4.2, popcnt, avx, avx2, aes, clmul, erms, rtm, 3dnowpref, lzcnt, ht, tsc, tscinvbit, bmi1, bmi2, adx

Memory: 4k page, physical 4090368k(367724k free), swap 8636324k(3360k free)

vm_info: OpenJDK 64-Bit Server VM (25.152-b01) for windows-amd64 JRE (1.8.0_152-release-1343-b01), built by "builder" with MS VC++ 10.0 (VS2010)

time: Sat Jul 13 22:49:00 2019
elapsed time: 4 seconds (0d 0h 0m 4s)

